

Z:/Users/tokyotechies/Workspace/KEM/dquants/mql5/experts/KK-KenKem/KK-KenKem.mq5 : information: compiling Z:/Users/tokyotechies/Workspace/KEM/dquants/mql5/experts/KK-KenKem/KK-KenKem.mq5
Z:/Users/tokyotechies/Workspace/KEM/dquants/mql5/experts/KK-KenKem/KK-KenKem.mq5 : information: including Z:\Users\tokyotechies\Workspace\KEM\dquants\mql5\experts\KenKem\Inputs.mqh
Z:/Users/tokyotechies/Workspace/KEM/dquants/mql5/experts/KK-KenKem/KK-KenKem.mq5 : information: including Z:\Users\tokyotechies\Workspace\KEM\dquants\mql5\experts\KenKem\Engine.mqh
Z:\Users\tokyotechies\Workspace\KEM\dquants\mql5\experts\KenKem\Engine.mqh : information: including C:\Program Files\MetaTrader 5\MQL5\Include\Trade\Trade.mqh
C:\Program Files\MetaTrader 5\MQL5\Include\Trade\Trade.mqh : information: including C:\Program Files\MetaTrader 5\MQL5\Include\Object.mqh
C:\Program Files\MetaTrader 5\MQL5\Include\Object.mqh : information: including C:\Program Files\MetaTrader 5\MQL5\Include\StdLibErr.mqh
C:\Program Files\MetaTrader 5\MQL5\Include\Trade\Trade.mqh : information: including C:\Program Files\MetaTrader 5\MQL5\Include\Trade\OrderInfo.mqh
C:\Program Files\MetaTrader 5\MQL5\Include\Trade\Trade.mqh : information: including C:\Program Files\MetaTrader 5\MQL5\Include\Trade\HistoryOrderInfo.mqh
C:\Program Files\MetaTrader 5\MQL5\Include\Trade\Trade.mqh : information: including C:\Program Files\MetaTrader 5\MQL5\Include\Trade\PositionInfo.mqh
C:\Program Files\MetaTrader 5\MQL5\Include\Trade\Trade.mqh : information: including C:\Program Files\MetaTrader 5\MQL5\Include\Trade\DealInfo.mqh
Z:\Users\tokyotechies\Workspace\KEM\dquants\mql5\experts\KenKem\Engine.mqh : information: including Z:\Users\tokyotechies\Workspace\KEM\dquants\mql5\experts\KK-Common\Indicators.mqh
Z:\Users\tokyotechies\Workspace\KEM\dquants\mql5\experts\KenKem\Engine.mqh : information: including Z:\Users\tokyotechies\Workspace\KEM\dquants\mql5\experts\KK-Common\Sizing.mqh
Z:\Users\tokyotechies\Workspace\KEM\dquants\mql5\experts\KenKem\Engine.mqh : information: including Z:\Users\tokyotechies\Workspace\KEM\dquants\mql5\experts\KK-Common\PositionManager.mqh
Z:\Users\tokyotechies\Workspace\KEM\dquants\mql5\experts\KenKem\Engine.mqh : information: including Z:\Users\tokyotechies\Workspace\KEM\dquants\mql5\experts\KenKem\State.mqh
Z:\Users\tokyotechies\Workspace\KEM\dquants\mql5\experts\KenKem\Engine.mqh : information: including Z:\Users\tokyotechies\Workspace\KEM\dquants\mql5\experts\KenKem\Indicators.mqh
Z:\Users\tokyotechies\Workspace\KEM\dquants\mql5\experts\KenKem\Engine.mqh : information: including Z:\Users\tokyotechies\Workspace\KEM\dquants\mql5\experts\KenKem\Snapshot.mqh
Z:\Users\tokyotechies\Workspace\KEM\dquants\mql5\experts\KenKem\Engine.mqh : information: including Z:\Users\tokyotechies\Workspace\KEM\dquants\mql5\experts\KenKem\Gates.mqh
Z:\Users\tokyotechies\Workspace\KEM\dquants\mql5\experts\KenKem\Engine.mqh : information: including Z:\Users\tokyotechies\Workspace\KEM\dquants\mql5\experts\KenKem\Entries\E1.mqh
Z:\Users\tokyotechies\Workspace\KEM\dquants\mql5\experts\KenKem\Engine.mqh : information: including Z:\Users\tokyotechies\Workspace\KEM\dquants\mql5\experts\KenKem\Entries\E2.mqh
Z:\Users\tokyotechies\Workspace\KEM\dquants\mql5\experts\KenKem\Engine.mqh : information: including Z:\Users\tokyotechies\Workspace\KEM\dquants\mql5\experts\KenKem\Entries\E4.mqh
Z:\Users\tokyotechies\Workspace\KEM\dquants\mql5\experts\KenKem\Engine.mqh : information: including Z:\Users\tokyotechies\Workspace\KEM\dquants\mql5\experts\KenKem\Entries\E5.mqh
 : information: generating code
 : information: generating code 3%
 : information: generating code 6%
 : information: generating code 9%
 : information: generating code 12%
 : information: generating code 15%
 : information: generating code 18%
 : information: generating code 21%
 : information: generating code 24%
 : information: generating code 27%
 : information: generating code 30%
 : information: generating code 33%
 : information: generating code 36%
 : information: generating code 39%
 : information: generating code 42%
 : information: generating code 45%
 : information: generating code 48%
 : information: generating code 51%
 : information: generating code 54%
 : information: generating code 57%
 : information: generating code 60%
 : information: generating code 63%
 : information: generating code 66%
 : information: generating code 69%
 : information: generating code 72%
 : information: generating code 75%
 : information: generating code 78%
 : information: generating code 81%
 : information: generating code 84%
 : information: generating code 87%
 : information: generating code 90%
 : information: generating code 93%
 : information: generating code 95%
 : information: generating code 100%
 : information: code generated
Result: 0 errors, 0 warnings, 877 ms elapsed, cpu='X64 Regular'
