== GATE ABLATION (which filters actually earn their keep) ==
base (all gates on)                ALL n= 259 net=   +2101 PF=1.269 dd=   907 sh=+2.09 | 25 n= 204 net=   +2245 PF=1.392 dd=   907 sh=+2.85 | 26 n=  55 net=    -145 PF=0.931 dd=   897 sh=-0.69
E1_MIN_ADX=12                      ALL n= 259 net=   +2101 PF=1.269 dd=   907 sh=+2.09 | 25 n= 204 net=   +2245 PF=1.392 dd=   907 sh=+2.85 | 26 n=  55 net=    -145 PF=0.931 dd=   897 sh=-0.69
E1_MIN_ADX=16                      ALL n= 259 net=   +2101 PF=1.269 dd=   907 sh=+2.09 | 25 n= 204 net=   +2245 PF=1.392 dd=   907 sh=+2.85 | 26 n=  55 net=    -145 PF=0.931 dd=   897 sh=-0.69
E1_MIN_ADX=19.5                    ALL n= 259 net=   +2101 PF=1.269 dd=   907 sh=+2.09 | 25 n= 204 net=   +2245 PF=1.392 dd=   907 sh=+2.85 | 26 n=  55 net=    -145 PF=0.931 dd=   897 sh=-0.69
E1_MIN_ADX=23                      ALL n= 262 net=   +2119 PF=1.263 dd=  1018 sh=+2.10 | 25 n= 206 net=   +2611 PF=1.456 dd=   871 sh=+3.30 | 26 n=  56 net=    -492 PF=0.789 dd=  1018 sh=-2.30
E1_MIN_ADX=27                      ALL n= 251 net=   +1363 PF=1.180 dd=  1026 sh=+1.45 | 25 n= 198 net=   +1789 PF=1.326 dd=  1026 sh=+2.41 | 26 n=  53 net=    -426 PF=0.797 dd=   951 sh=-2.15
E4_MIN_ADX=14                      ALL n= 259 net=   +2101 PF=1.269 dd=   907 sh=+2.09 | 25 n= 204 net=   +2245 PF=1.392 dd=   907 sh=+2.85 | 26 n=  55 net=    -145 PF=0.931 dd=   897 sh=-0.69
E4_MIN_ADX=18                      ALL n= 259 net=   +2101 PF=1.269 dd=   907 sh=+2.09 | 25 n= 204 net=   +2245 PF=1.392 dd=   907 sh=+2.85 | 26 n=  55 net=    -145 PF=0.931 dd=   897 sh=-0.69
E4_MIN_ADX=20                      ALL n= 259 net=   +2101 PF=1.269 dd=   907 sh=+2.09 | 25 n= 204 net=   +2245 PF=1.392 dd=   907 sh=+2.85 | 26 n=  55 net=    -145 PF=0.931 dd=   897 sh=-0.69
E4_MIN_ADX=24                      ALL n= 258 net=   +2155 PF=1.278 dd=   870 sh=+2.16 | 25 n= 203 net=   +2289 PF=1.402 dd=   870 sh=+2.92 | 26 n=  55 net=    -133 PF=0.936 dd=   779 sh=-0.64
E1_HTF_DI=2.0                      ALL n= 259 net=   +2101 PF=1.269 dd=   907 sh=+2.09 | 25 n= 204 net=   +2245 PF=1.392 dd=   907 sh=+2.85 | 26 n=  55 net=    -145 PF=0.931 dd=   897 sh=-0.69
E1_HTF_DI=4.0                      ALL n= 259 net=   +2101 PF=1.269 dd=   907 sh=+2.09 | 25 n= 204 net=   +2245 PF=1.392 dd=   907 sh=+2.85 | 26 n=  55 net=    -145 PF=0.931 dd=   897 sh=-0.69
E1_HTF_DI=6.0                      ALL n= 259 net=   +2101 PF=1.269 dd=   907 sh=+2.09 | 25 n= 204 net=   +2245 PF=1.392 dd=   907 sh=+2.85 | 26 n=  55 net=    -145 PF=0.931 dd=   897 sh=-0.69
E1_HTF_DI=8.0                      ALL n= 259 net=   +2101 PF=1.269 dd=   907 sh=+2.09 | 25 n= 204 net=   +2245 PF=1.392 dd=   907 sh=+2.85 | 26 n=  55 net=    -145 PF=0.931 dd=   897 sh=-0.69
min_TQ_E1=0                        ALL n= 259 net=   +2101 PF=1.269 dd=   907 sh=+2.09 | 25 n= 204 net=   +2245 PF=1.392 dd=   907 sh=+2.85 | 26 n=  55 net=    -145 PF=0.931 dd=   897 sh=-0.69
min_TQ_E1=4                        ALL n= 259 net=   +2101 PF=1.269 dd=   907 sh=+2.09 | 25 n= 204 net=   +2245 PF=1.392 dd=   907 sh=+2.85 | 26 n=  55 net=    -145 PF=0.931 dd=   897 sh=-0.69
min_TQ_E1=6                        ALL n= 259 net=   +2101 PF=1.269 dd=   907 sh=+2.09 | 25 n= 204 net=   +2245 PF=1.392 dd=   907 sh=+2.85 | 26 n=  55 net=    -145 PF=0.931 dd=   897 sh=-0.69
min_TQ_E1=8                        ALL n= 261 net=   +2095 PF=1.266 dd=   900 sh=+2.11 | 25 n= 206 net=   +2242 PF=1.388 dd=   865 sh=+2.86 | 26 n=  55 net=    -147 PF=0.929 dd=   900 sh=-0.71
min_TQ_E1=10                       ALL n= 241 net=    +883 PF=1.117 dd=   912 sh=+1.01 | 25 n= 190 net=   +1400 PF=1.257 dd=   912 sh=+2.07 | 26 n=  51 net=    -517 PF=0.750 dd=   898 sh=-2.69
min_TQ_E4=0                        ALL n= 365 net=    +948 PF=1.089 dd=  1552 sh=+0.80 | 25 n= 301 net=    +988 PF=1.121 dd=  1552 sh=+1.07 | 26 n=  64 net=     -39 PF=0.984 dd=   775 sh=-0.15
min_TQ_E4=7                        ALL n= 361 net=    +811 PF=1.076 dd=  1607 sh=+0.68 | 25 n= 297 net=    +755 PF=1.092 dd=  1607 sh=+0.81 | 26 n=  64 net=     +56 PF=1.022 dd=   949 sh=+0.20
min_TQ_E4=9                        ALL n= 259 net=   +2101 PF=1.269 dd=   907 sh=+2.09 | 25 n= 204 net=   +2245 PF=1.392 dd=   907 sh=+2.85 | 26 n=  55 net=    -145 PF=0.931 dd=   897 sh=-0.69
min_TQ_E4=11                       ALL n= 182 net=    +514 PF=1.090 dd=  1298 sh=+0.77 | 25 n= 139 net=    +780 PF=1.186 dd=  1298 sh=+1.53 | 26 n=  43 net=    -265 PF=0.829 dd=   719 sh=-1.69
RSI_DIV_VETO off                   ALL n= 260 net=   +2005 PF=1.259 dd=   804 sh=+2.02 | 25 n= 205 net=   +2242 PF=1.390 dd=   804 sh=+2.83 | 26 n=  55 net=    -237 PF=0.881 dd=   773 sh=-1.24
ATR_HIGH_BLOCK off                 ALL n= 512 net=   +2631 PF=1.143 dd=  2038 sh=+1.45 | 25 n= 387 net=   +4548 PF=1.389 dd=   663 sh=+3.47 | 26 n= 125 net=   -1916 PF=0.716 dd=  2025 sh=-3.96
MIN_ATR_PCTILE=40                  ALL n= 558 net=   +1009 PF=1.060 dd=  1777 sh=+0.62 | 25 n= 426 net=   +1058 PF=1.088 dd=  1777 sh=+0.91 | 26 n= 132 net=     -49 PF=0.990 dd=  1139 sh=-0.10
MIN_ATR_PCTILE=55                  ALL n= 361 net=   +1364 PF=1.126 dd=  1511 sh=+1.16 | 25 n= 278 net=   +1377 PF=1.178 dd=  1511 sh=+1.58 | 26 n=  83 net=     -13 PF=0.996 dd=   647 sh=-0.04
MIN_ATR_PCTILE=65                  ALL n= 259 net=   +2101 PF=1.269 dd=   907 sh=+2.09 | 25 n= 204 net=   +2245 PF=1.392 dd=   907 sh=+2.85 | 26 n=  55 net=    -145 PF=0.931 dd=   897 sh=-0.69
MIN_ATR_PCTILE=75                  ALL n= 167 net=   +1213 PF=1.246 dd=   466 sh=+1.85 | 25 n= 134 net=   +1235 PF=1.333 dd=   466 sh=+2.43 | 26 n=  33 net=     -22 PF=0.982 dd=   461 sh=-0.14
MIN_ATR_PCTILE=85                  ALL n=  37 net=    -113 PF=0.904 dd=   369 sh=-0.74 | 25 n=  27 net=     +41 PF=1.050 dd=   299 sh=+0.35 | 26 n=  10 net=    -154 PF=0.561 dd=   205 sh=-4.66
SIDEWAYS_BLOCK=45                  ALL n= 256 net=   +2103 PF=1.277 dd=   881 sh=+2.15 | 25 n= 201 net=   +2159 PF=1.390 dd=   845 sh=+2.82 | 26 n=  55 net=     -56 PF=0.973 dd=   881 sh=-0.27
SIDEWAYS_BLOCK=53                  ALL n= 259 net=   +2101 PF=1.269 dd=   907 sh=+2.09 | 25 n= 204 net=   +2245 PF=1.392 dd=   907 sh=+2.85 | 26 n=  55 net=    -145 PF=0.931 dd=   897 sh=-0.69
SIDEWAYS_BLOCK=61                  ALL n= 259 net=   +2101 PF=1.269 dd=   907 sh=+2.09 | 25 n= 204 net=   +2245 PF=1.392 dd=   907 sh=+2.85 | 26 n=  55 net=    -145 PF=0.931 dd=   897 sh=-0.69
SIDEWAYS_BLOCK=70                  ALL n= 259 net=   +2101 PF=1.269 dd=   907 sh=+2.09 | 25 n= 204 net=   +2245 PF=1.392 dd=   907 sh=+2.85 | 26 n=  55 net=    -145 PF=0.931 dd=   897 sh=-0.69
CONVICTION_E1=0                    ALL n= 261 net=   +2105 PF=1.266 dd=   897 sh=+2.09 | 25 n= 205 net=   +2373 PF=1.417 dd=   819 sh=+3.03 | 26 n=  56 net=    -268 PF=0.879 dd=   897 sh=-1.24
CONVICTION_E4=0                    ALL n= 257 net=   +2115 PF=1.274 dd=   897 sh=+2.11 | 25 n= 202 net=   +2260 PF=1.402 dd=   893 sh=+2.87 | 26 n=  55 net=    -145 PF=0.931 dd=   897 sh=-0.69
